{"meta": {"format": 3, "version": "7.11.0", "timestamp": "2025-10-19T03:23:54.457191", "branch_coverage": true, "show_contexts": true}, "files": {"src/apps/__init__.py": {"executed_lines": [1], "summary": {"covered_lines": 0, "num_statements": 0, "percent_covered": 100.0, "percent_covered_display": "100.00", "missing_lines": 0, "excluded_lines": 0, "num_branches": 0, "num_partial_branches": 0, "covered_branches": 0, "missing_branches": 0}, "missing_lines": [], "excluded_lines": [], "contexts": {"1": [""]}, "executed_branches": [], "missing_branches": [], "functions": {"": {"executed_lines": [1], "summary": {"covered_lines": 0, "num_statements": 0, "percent_covered": 100.0, "percent_covered_display": "100.00", "missing_lines": 0, "excluded_lines": 0, "num_branches": 0, "num_partial_branches": 0, "covered_branches": 0, "missing_branches": 0}, "missing_lines": [], "excluded_lines": [], "contexts": {"1": [""]}, "executed_branches": [], "missing_branches": []}}, "classes": {"": {"executed_lines": [1], "summary": {"covered_lines": 0, "num_statements": 0, "percent_covered": 100.0, "percent_covered_display": "100.00", "missing_lines": 0, "excluded_lines": 0, "num_branches": 0, "num_partial_branches": 0, "covered_branches": 0, "missing_branches": 0}, "missing_lines": [], "excluded_lines": [], "contexts": {"1": [""]}, "executed_branches": [], "missing_branches": []}}}, "src/backend/__init__.py": {"executed_lines": [1, 5], "summary": {"covered_lines": 1, "num_statements": 1, "percent_covered": 100.0, "percent_covered_display": "100.00", "missing_lines": 0, "excluded_lines": 0, "num_branches": 0, "num_partial_branches": 0, "covered_branches": 0, "missing_branches": 0}, "missing_lines": [], "excluded_lines": [], "contexts": {"1": [""], "5": [""]}, "executed_branches": [], "missing_branches": [], "functions": {"": {"executed_lines": [1, 5], "summary": {"covered_lines": 1, "num_statements": 1, "percent_covered": 100.0, "percent_covered_display": "100.00", "missing_lines": 0, "excluded_lines": 0, "num_branches": 0, "num_partial_branches": 0, "covered_branches": 0, "missing_branches": 0}, "missing_lines": [], "excluded_lines": [], "contexts": {"1": [""], "5": [""]}, "executed_branches": [], "missing_branches": []}}, "classes": {"": {"executed_lines": [1, 5], "summary": {"covered_lines": 1, "num_statements": 1, "percent_covered": 100.0, "percent_covered_display": "100.00", "missing_lines": 0, "excluded_lines": 0, "num_branches": 0, "num_partial_branches": 0, "covered_branches": 0, "missing_branches": 0}, "missing_lines": [], "excluded_lines": [], "contexts": {"1": [""], "5": [""]}, "executed_branches": [], "missing_branches": []}}}, "src/backend/urls.py": {"executed_lines": [1, 19, 20, 21, 22, 28, 30, 42], "summary": {"covered_lines": 6, "num_statements": 6, "percent_covered": 100.0, "percent_covered_display": "100.00", "missing_lines": 0, "excluded_lines": 2, "num_branches": 0, "num_partial_branches": 0, "covered_branches": 0, "missing_branches": 0}, "missing_lines": [], "excluded_lines": [42, 43], "contexts": {"1": [""], "19": [""], "20": [""], "21": [""], "22": [""], "28": [""], "32": [""], "30": [""], "42": [""], "34": [""], "36": [""], "37": [""], "38": [""]}, "executed_branches": [], "missing_branches": [], "functions": {"": {"executed_lines": [1, 19, 20, 21, 22, 28, 30, 42], "summary": {"covered_lines": 6, "num_statements": 6, "percent_covered": 100.0, "percent_covered_display": "100.00", "missing_lines": 0, "excluded_lines": 2, "num_branches": 0, "num_partial_branches": 0, "covered_branches": 0, "missing_branches": 0}, "missing_lines": [], "excluded_lines": [42, 43], "contexts": {"1": [""], "19": [""], "20": [""], "21": [""], "22": [""], "28": [""], "32": [""], "30": [""], "42": [""], "34": [""], "36": [""], "37": [""], "38": [""]}, "executed_branches": [], "missing_branches": []}}, "classes": {"": {"executed_lines": [1, 19, 20, 21, 22, 28, 30, 42], "summary": {"covered_lines": 6, "num_statements": 6, "percent_covered": 100.0, "percent_covered_display": "100.00", "missing_lines": 0, "excluded_lines": 2, "num_branches": 0, "num_partial_branches": 0, "covered_branches": 0, "missing_branches": 0}, "missing_lines": [], "excluded_lines": [42, 43], "contexts": {"1": [""], "19": [""], "20": [""], "21": [""], "22": [""], "28": [""], "32": [""], "30": [""], "42": [""], "34": [""], "36": [""], "37": [""], "38": [""]}, "executed_branches": [], "missing_branches": []}}}, "src/common/__init__.py": {"executed_lines": [1], "summary": {"covered_lines": 0, "num_statements": 0, "percent_covered": 100.0, "percent_covered_display": "100.00", "missing_lines": 0, "excluded_lines": 0, "num_branches": 0, "num_partial_branches": 0, "covered_branches": 0, "missing_branches": 0}, "missing_lines": [], "excluded_lines": [], "contexts": {"1": [""]}, "executed_branches": [], "missing_branches": [], "functions": {"": {"executed_lines": [1], "summary": {"covered_lines": 0, "num_statements": 0, "percent_covered": 100.0, "percent_covered_display": "100.00", "missing_lines": 0, "excluded_lines": 0, "num_branches": 0, "num_partial_branches": 0, "covered_branches": 0, "missing_branches": 0}, "missing_lines": [], "excluded_lines": [], "contexts": {"1": [""]}, "executed_branches": [], "missing_branches": []}}, "classes": {"": {"executed_lines": [1], "summary": {"covered_lines": 0, "num_statements": 0, "percent_covered": 100.0, "percent_covered_display": "100.00", "missing_lines": 0, "excluded_lines": 0, "num_branches": 0, "num_partial_branches": 0, "covered_branches": 0, "missing_branches": 0}, "missing_lines": [], "excluded_lines": [], "contexts": {"1": [""]}, "executed_branches": [], "missing_branches": []}}}, "src/common/decorators/__init__.py": {"executed_lines": [], "summary": {"covered_lines": 0, "num_statements": 0, "percent_covered": 100.0, "percent_covered_display": "100.00", "missing_lines": 0, "excluded_lines": 0, "num_branches": 0, "num_partial_branches": 0, "covered_branches": 0, "missing_branches": 0}, "missing_lines": [], "excluded_lines": [], "contexts": {}, "executed_branches": [], "missing_branches": [], "functions": {"": {"executed_lines": [], "summary": {"covered_lines": 0, "num_statements": 0, "percent_covered": 100.0, "percent_covered_display": "100.00", "missing_lines": 0, "excluded_lines": 0, "num_branches": 0, "num_partial_branches": 0, "covered_branches": 0, "missing_branches": 0}, "missing_lines": [], "excluded_lines": [], "contexts": {}, "executed_branches": [], "missing_branches": []}}, "classes": {"": {"executed_lines": [], "summary": {"covered_lines": 0, "num_statements": 0, "percent_covered": 100.0, "percent_covered_display": "100.00", "missing_lines": 0, "excluded_lines": 0, "num_branches": 0, "num_partial_branches": 0, "covered_branches": 0, "missing_branches": 0}, "missing_lines": [], "excluded_lines": [], "contexts": {}, "executed_branches": [], "missing_branches": []}}}, "src/common/exceptions/__init__.py": {"executed_lines": [], "summary": {"covered_lines": 0, "num_statements": 0, "percent_covered": 100.0, "percent_covered_display": "100.00", "missing_lines": 0, "excluded_lines": 0, "num_branches": 0, "num_partial_branches": 0, "covered_branches": 0, "missing_branches": 0}, "missing_lines": [], "excluded_lines": [], "contexts": {}, "executed_branches": [], "missing_branches": [], "functions": {"": {"executed_lines": [], "summary": {"covered_lines": 0, "num_statements": 0, "percent_covered": 100.0, "percent_covered_display": "100.00", "missing_lines": 0, "excluded_lines": 0, "num_branches": 0, "num_partial_branches": 0, "covered_branches": 0, "missing_branches": 0}, "missing_lines": [], "excluded_lines": [], "contexts": {}, "executed_branches": [], "missing_branches": []}}, "classes": {"": {"executed_lines": [], "summary": {"covered_lines": 0, "num_statements": 0, "percent_covered": 100.0, "percent_covered_display": "100.00", "missing_lines": 0, "excluded_lines": 0, "num_branches": 0, "num_partial_branches": 0, "covered_branches": 0, "missing_branches": 0}, "missing_lines": [], "excluded_lines": [], "contexts": {}, "executed_branches": [], "missing_branches": []}}}, "src/common/middleware/__init__.py": {"executed_lines": [1, 15, 16, 18], "summary": {"covered_lines": 3, "num_statements": 3, "percent_covered": 100.0, "percent_covered_display": "100.00", "missing_lines": 0, "excluded_lines": 0, "num_branches": 0, "num_partial_branches": 0, "covered_branches": 0, "missing_branches": 0}, "missing_lines": [], "excluded_lines": [], "contexts": {"1": [""], "15": [""], "16": [""], "18": [""]}, "executed_branches": [], "missing_branches": [], "functions": {"": {"executed_lines": [1, 15, 16, 18], "summary": {"covered_lines": 3, "num_statements": 3, "percent_covered": 100.0, "percent_covered_display": "100.00", "missing_lines": 0, "excluded_lines": 0, "num_branches": 0, "num_partial_branches": 0, "covered_branches": 0, "missing_branches": 0}, "missing_lines": [], "excluded_lines": [], "contexts": {"1": [""], "15": [""], "16": [""], "18": [""]}, "executed_branches": [], "missing_branches": []}}, "classes": {"": {"executed_lines": [1, 15, 16, 18], "summary": {"covered_lines": 3, "num_statements": 3, "percent_covered": 100.0, "percent_covered_display": "100.00", "missing_lines": 0, "excluded_lines": 0, "num_branches": 0, "num_partial_branches": 0, "covered_branches": 0, "missing_branches": 0}, "missing_lines": [], "excluded_lines": [], "contexts": {"1": [""], "15": [""], "16": [""], "18": [""]}, "executed_branches": [], "missing_branches": []}}}, "src/common/middleware/error_handling.py": {"executed_lines": [1, 8, 9, 10, 11, 13, 14, 15, 23, 26, 27, 42, 49, 51, 61, 62, 63, 64, 65, 66, 67, 68, 69, 70, 71, 72, 73, 74, 76, 77, 79, 90, 92, 101, 114, 120, 129, 142, 149, 158, 171, 178, 189, 200, 208, 209, 215, 225, 253, 265, 274, 275, 284, 290], "summary": {"covered_lines": 50, "num_statements": 56, "percent_covered": 85.0, "percent_covered_display": "85.00", "missing_lines": 6, "excluded_lines": 2, "num_branches": 4, "num_partial_branches": 1, "covered_branches": 1, "missing_branches": 3}, "missing_lines": [75, 210, 211, 213, 236, 244], "excluded_lines": [274, 275], "contexts": {"265": [""], "200": [""], "171": [""], "142": [""], "114": [""], "90": [""], "61": [""], "49": [""], "26": [""], "1": [""], "8": [""], "9": [""], "10": [""], "11": [""], "13": [""], "14": [""], "15": [""], "23": [""], "27": [""], "42": [""], "51": [""], "79": [""], "62": [""], "63": [""], "64": [""], "65": [""], "66": [""], "67": [""], "68": [""], "69": [""], "70": [""], "71": [""], "72": [""], "73": [""], "74": [""], "76": [""], "77": [""], "101": [""], "92": [""], "94": [""], "93": [""], "98": [""], "95": [""], "96": [""], "102": [""], "103": [""], "129": [""], "115": [""], "120": [""], "116": [""], "117": [""], "122": [""], "121": [""], "126": [""], "123": [""], "124": [""], "130": [""], "131": [""], "158": [""], "143": [""], "149": [""], "144": [""], "145": [""], "146": [""], "151": [""], "150": [""], "155": [""], "152": [""], "153": [""], "159": [""], "160": [""], "189": [""], "172": [""], "178": [""], "173": [""], "174": [""], "175": [""], "180": [""], "179": [""], "186": [""], "182": [""], "184": [""], "225": [""], "201": [""], "208": [""], "202": [""], "203": [""], "204": [""], "209": [""], "215": [""], "217": [""], "216": [""], "222": [""], "218": [""], "219": [""], "220": [""], "253": [""], "266": [""], "274": [""], "267": [""], "268": [""], "269": [""], "270": [""], "276": [""], "285": [""], "275": [""], "290": [""], "277": [""], "278": [""], "279": [""], "280": [""], "284": [""], "286": [""], "287": [""]}, "executed_branches": [[208, 209]], "missing_branches": [[208, 210], [210, 211], [210, 213]], "functions": {"ErrorHandlingMiddleware.__init__": {"executed_lines": [49], "summary": {"covered_lines": 1, "num_statements": 1, "percent_covered": 100.0, "percent_covered_display": "100.00", "missing_lines": 0, "excluded_lines": 0, "num_branches": 0, "num_partial_branches": 0, "covered_branches": 0, "missing_branches": 0}, "missing_lines": [], "excluded_lines": [], "contexts": {"265": [""], "200": [""], "171": [""], "142": [""], "114": [""], "90": [""], "61": [""], "49": [""], "26": [""], "1": [""], "8": [""], "9": [""], "10": [""], "11": [""], "13": [""], "14": [""], "15": [""], "23": [""], "27": [""], "42": [""], "51": [""], "79": [""], "62": [""], "63": [""], "64": [""], "65": [""], "66": [""], "67": [""], "68": [""], "69": [""], "70": [""], "71": [""], "72": [""], "73": [""], "74": [""], "76": [""], "77": [""], "101": [""], "92": [""], "94": [""], "93": [""], "98": [""], "95": [""], "96": [""], "102": [""], "103": [""], "129": [""], "115": [""], "120": [""], "116": [""], "117": [""], "122": [""], "121": [""], "126": [""], "123": [""], "124": [""], "130": [""], "131": [""], "158": [""], "143": [""], "149": [""], "144": [""], "145": [""], "146": [""], "151": [""], "150": [""], "155": [""], "152": [""], "153": [""], "159": [""], "160": [""], "189": [""], "172": [""], "178": [""], "173": [""], "174": [""], "175": [""], "180": [""], "179": [""], "186": [""], "182": [""], "184": [""], "225": [""], "201": [""], "208": [""], "202": [""], "203": [""], "204": [""], "209": [""], "215": [""], "217": [""], "216": [""], "222": [""], "218": [""], "219": [""], "220": [""], "253": [""], "266": [""], "274": [""], "267": [""], "268": [""], "269": [""], "270": [""], "276": [""], "285": [""], "275": [""], "290": [""], "277": [""], "278": [""], "279": [""], "280": [""], "284": [""], "286": [""], "287": [""]}, "executed_branches": [], "missing_branches": []}, "ErrorHandlingMiddleware.__call__": {"executed_lines": [61, 62, 63, 64, 65, 66, 67, 68, 69, 70, 71, 72, 73, 74, 76, 77], "summary": {"covered_lines": 16, "num_statements": 17, "percent_covered": 94.11764705882354, "percent_covered_display": "94.12", "missing_lines": 1, "excluded_lines": 0, "num_branches": 0, "num_partial_branches": 0, "covered_branches": 0, "missing_branches": 0}, "missing_lines": [75], "excluded_lines": [], "contexts": {"265": [""], "200": [""], "171": [""], "142": [""], "114": [""], "90": [""], "61": [""], "49": [""], "26": [""], "1": [""], "8": [""], "9": [""], "10": [""], "11": [""], "13": [""], "14": [""], "15": [""], "23": [""], "27": [""], "42": [""], "51": [""], "79": [""], "62": [""], "63": [""], "64": [""], "65": [""], "66": [""], "67": [""], "68": [""], "69": [""], "70": [""], "71": [""], "72": [""], "73": [""], "74": [""], "76": [""], "77": [""], "101": [""], "92": [""], "94": [""], "93": [""], "98": [""], "95": [""], "96": [""], "102": [""], "103": [""], "129": [""], "115": [""], "120": [""], "116": [""], "117": [""], "122": [""], "121": [""], "126": [""], "123": [""], "124": [""], "130": [""], "131": [""], "158": [""], "143": [""], "149": [""], "144": [""], "145": [""], "146": [""], "151": [""], "150": [""], "155": [""], "152": [""], "153": [""], "159": [""], "160": [""], "189": [""], "172": [""], "178": [""], "173": [""], "174": [""], "175": [""], "180": [""], "179": [""], "186": [""], "182": [""], "184": [""], "225": [""], "201": [""], "208": [""], "202": [""], "203": [""], "204": [""], "209": [""], "215": [""], "217": [""], "216": [""], "222": [""], "218": [""], "219": [""], "220": [""], "253": [""], "266": [""], "274": [""], "267": [""], "268": [""], "269": [""], "270": [""], "276": [""], "285": [""], "275": [""], "290": [""], "277": [""], "278": [""], "279": [""], "280": [""], "284": [""], "286": [""], "287": [""]}, "executed_branches": [], "missing_branches": []}, "ErrorHandlingMiddleware._handle_http404": {"executed_lines": [90, 92], "summary": {"covered_lines": 2, "num_statements": 2, "percent_covered": 100.0, "percent_covered_display": "100.00", "missing_lines": 0, "excluded_lines": 0, "num_branches": 0, "num_partial_branches": 0, "covered_branches": 0, "missing_branches": 0}, "missing_lines": [], "excluded_lines": [], "contexts": {"265": [""], "200": [""], "171": [""], "142": [""], "114": [""], "90": [""], "61": [""], "49": [""], "26": [""], "1": [""], "8": [""], "9": [""], "10": [""], "11": [""], "13": [""], "14": [""], "15": [""], "23": [""], "27": [""], "42": [""], "51": [""], "79": [""], "62": [""], "63": [""], "64": [""], "65": [""], "66": [""], "67": [""], "68": [""], "69": [""], "70": [""], "71": [""], "72": [""], "73": [""], "74": [""], "76": [""], "77": [""], "101": [""], "92": [""], "94": [""], "93": [""], "98": [""], "95": [""], "96": [""], "102": [""], "103": [""], "129": [""], "115": [""], "120": [""], "116": [""], "117": [""], "122": [""], "121": [""], "126": [""], "123": [""], "124": [""], "130": [""], "131": [""], "158": [""], "143": [""], "149": [""], "144": [""], "145": [""], "146": [""], "151": [""], "150": [""], "155": [""], "152": [""], "153": [""], "159": [""], "160": [""], "189": [""], "172": [""], "178": [""], "173": [""], "174": [""], "175": [""], "180": [""], "179": [""], "186": [""], "182": [""], "184": [""], "225": [""], "201": [""], "208": [""], "202": [""], "203": [""], "204": [""], "209": [""], "215": [""], "217": [""], "216": [""], "222": [""], "218": [""], "219": [""], "220": [""], "253": [""], "266": [""], "274": [""], "267": [""], "268": [""], "269": [""], "270": [""], "276": [""], "285": [""], "275": [""], "290": [""], "277": [""], "278": [""], "279": [""], "280": [""], "284": [""], "286": [""], "287": [""]}, "executed_branches": [], "missing_branches": []}, "ErrorHandlingMiddleware._handle_not_authenticated": {"executed_lines": [114, 120], "summary": {"covered_lines": 2, "num_statements": 2, "percent_covered": 100.0, "percent_covered_display": "100.00", "missing_lines": 0, "excluded_lines": 0, "num_branches": 0, "num_partial_branches": 0, "covered_branches": 0, "missing_branches": 0}, "missing_lines": [], "excluded_lines": [], "contexts": {"265": [""], "200": [""], "171": [""], "142": [""], "114": [""], "90": [""], "61": [""], "49": [""], "26": [""], "1": [""], "8": [""], "9": [""], "10": [""], "11": [""], "13": [""], "14": [""], "15": [""], "23": [""], "27": [""], "42": [""], "51": [""], "79": [""], "62": [""], "63": [""], "64": [""], "65": [""], "66": [""], "67": [""], "68": [""], "69": [""], "70": [""], "71": [""], "72": [""], "73": [""], "74": [""], "76": [""], "77": [""], "101": [""], "92": [""], "94": [""], "93": [""], "98": [""], "95": [""], "96": [""], "102": [""], "103": [""], "129": [""], "115": [""], "120": [""], "116": [""], "117": [""], "122": [""], "121": [""], "126": [""], "123": [""], "124": [""], "130": [""], "131": [""], "158": [""], "143": [""], "149": [""], "144": [""], "145": [""], "146": [""], "151": [""], "150": [""], "155": [""], "152": [""], "153": [""], "159": [""], "160": [""], "189": [""], "172": [""], "178": [""], "173": [""], "174": [""], "175": [""], "180": [""], "179": [""], "186": [""], "182": [""], "184": [""], "225": [""], "201": [""], "208": [""], "202": [""], "203": [""], "204": [""], "209": [""], "215": [""], "217": [""], "216": [""], "222": [""], "218": [""], "219": [""], "220": [""], "253": [""], "266": [""], "274": [""], "267": [""], "268": [""], "269": [""], "270": [""], "276": [""], "285": [""], "275": [""], "290": [""], "277": [""], "278": [""], "279": [""], "280": [""], "284": [""], "286": [""], "287": [""]}, "executed_branches": [], "missing_branches": []}, "ErrorHandlingMiddleware._handle_authentication_failed": {"executed_lines": [142, 149], "summary": {"covered_lines": 2, "num_statements": 2, "percent_covered": 100.0, "percent_covered_display": "100.00", "missing_lines": 0, "excluded_lines": 0, "num_branches": 0, "num_partial_branches": 0, "covered_branches": 0, "missing_branches": 0}, "missing_lines": [], "excluded_lines": [], "contexts": {"265": [""], "200": [""], "171": [""], "142": [""], "114": [""], "90": [""], "61": [""], "49": [""], "26": [""], "1": [""], "8": [""], "9": [""], "10": [""], "11": [""], "13": [""], "14": [""], "15": [""], "23": [""], "27": [""], "42": [""], "51": [""], "79": [""], "62": [""], "63": [""], "64": [""], "65": [""], "66": [""], "67": [""], "68": [""], "69": [""], "70": [""], "71": [""], "72": [""], "73": [""], "74": [""], "76": [""], "77": [""], "101": [""], "92": [""], "94": [""], "93": [""], "98": [""], "95": [""], "96": [""], "102": [""], "103": [""], "129": [""], "115": [""], "120": [""], "116": [""], "117": [""], "122": [""], "121": [""], "126": [""], "123": [""], "124": [""], "130": [""], "131": [""], "158": [""], "143": [""], "149": [""], "144": [""], "145": [""], "146": [""], "151": [""], "150": [""], "155": [""], "152": [""], "153": [""], "159": [""], "160": [""], "189": [""], "172": [""], "178": [""], "173": [""], "174": [""], "175": [""], "180": [""], "179": [""], "186": [""], "182": [""], "184": [""], "225": [""], "201": [""], "208": [""], "202": [""], "203": [""], "204": [""], "209": [""], "215": [""], "217": [""], "216": [""], "222": [""], "218": [""], "219": [""], "220": [""], "253": [""], "266": [""], "274": [""], "267": [""], "268": [""], "269": [""], "270": [""], "276": [""], "285": [""], "275": [""], "290": [""], "277": [""], "278": [""], "279": [""], "280": [""], "284": [""], "286": [""], "287": [""]}, "executed_branches": [], "missing_branches": []}, "ErrorHandlingMiddleware._handle_permission_denied": {"executed_lines": [171, 178], "summary": {"covered_lines": 2, "num_statements": 2, "percent_covered": 100.0, "percent_covered_display": "100.00", "missing_lines": 0, "excluded_lines": 0, "num_branches": 0, "num_partial_branches": 0, "covered_branches": 0, "missing_branches": 0}, "missing_lines": [], "excluded_lines": [], "contexts": {"265": [""], "200": [""], "171": [""], "142": [""], "114": [""], "90": [""], "61": [""], "49": [""], "26": [""], "1": [""], "8": [""], "9": [""], "10": [""], "11": [""], "13": [""], "14": [""], "15": [""], "23": [""], "27": [""], "42": [""], "51": [""], "79": [""], "62": [""], "63": [""], "64": [""], "65": [""], "66": [""], "67": [""], "68": [""], "69": [""], "70": [""], "71": [""], "72": [""], "73": [""], "74": [""], "76": [""], "77": [""], "101": [""], "92": [""], "94": [""], "93": [""], "98": [""], "95": [""], "96": [""], "102": [""], "103": [""], "129": [""], "115": [""], "120": [""], "116": [""], "117": [""], "122": [""], "121": [""], "126": [""], "123": [""], "124": [""], "130": [""], "131": [""], "158": [""], "143": [""], "149": [""], "144": [""], "145": [""], "146": [""], "151": [""], "150": [""], "155": [""], "152": [""], "153": [""], "159": [""], "160": [""], "189": [""], "172": [""], "178": [""], "173": [""], "174": [""], "175": [""], "180": [""], "179": [""], "186": [""], "182": [""], "184": [""], "225": [""], "201": [""], "208": [""], "202": [""], "203": [""], "204": [""], "209": [""], "215": [""], "217": [""], "216": [""], "222": [""], "218": [""], "219": [""], "220": [""], "253": [""], "266": [""], "274": [""], "267": [""], "268": [""], "269": [""], "270": [""], "276": [""], "285": [""], "275": [""], "290": [""], "277": [""], "278": [""], "279": [""], "280": [""], "284": [""], "286": [""], "287": [""]}, "executed_branches": [], "missing_branches": []}, "ErrorHandlingMiddleware._handle_validation_error": {"executed_lines": [200, 208, 209, 215], "summary": {"covered_lines": 4, "num_statements": 7, "percent_covered": 45.45454545454545, "percent_covered_display": "45.45", "missing_lines": 3, "excluded_lines": 0, "num_branches": 4, "num_partial_branches": 1, "covered_branches": 1, "missing_branches": 3}, "missing_lines": [210, 211, 213], "excluded_lines": [], "contexts": {"265": [""], "200": [""], "171": [""], "142": [""], "114": [""], "90": [""], "61": [""], "49": [""], "26": [""], "1": [""], "8": [""], "9": [""], "10": [""], "11": [""], "13": [""], "14": [""], "15": [""], "23": [""], "27": [""], "42": [""], "51": [""], "79": [""], "62": [""], "63": [""], "64": [""], "65": [""], "66": [""], "67": [""], "68": [""], "69": [""], "70": [""], "71": [""], "72": [""], "73": [""], "74": [""], "76": [""], "77": [""], "101": [""], "92": [""], "94": [""], "93": [""], "98": [""], "95": [""], "96": [""], "102": [""], "103": [""], "129": [""], "115": [""], "120": [""], "116": [""], "117": [""], "122": [""], "121": [""], "126": [""], "123": [""], "124": [""], "130": [""], "131": [""], "158": [""], "143": [""], "149": [""], "144": [""], "145": [""], "146": [""], "151": [""], "150": [""], "155": [""], "152": [""], "153": [""], "159": [""], "160": [""], "189": [""], "172": [""], "178": [""], "173": [""], "174": [""], "175": [""], "180": [""], "179": [""], "186": [""], "182": [""], "184": [""], "225": [""], "201": [""], "208": [""], "202": [""], "203": [""], "204": [""], "209": [""], "215": [""], "217": [""], "216": [""], "222": [""], "218": [""], "219": [""], "220": [""], "253": [""], "266": [""], "274": [""], "267": [""], "268": [""], "269": [""], "270": [""], "276": [""], "285": [""], "275": [""], "290": [""], "277": [""], "278": [""], "279": [""], "280": [""], "284": [""], "286": [""], "287": [""]}, "executed_branches": [[208, 209]], "missing_branches": [[208, 210], [210, 211], [210, 213]]}, "ErrorHandlingMiddleware._handle_api_exception": {"executed_lines": [], "summary": {"covered_lines": 0, "num_statements": 2, "percent_covered": 0.0, "percent_covered_display": "0.00", "missing_lines": 2, "excluded_lines": 0, "num_branches": 0, "num_partial_branches": 0, "covered_branches": 0, "missing_branches": 0}, "missing_lines": [236, 244], "excluded_lines": [], "contexts": {"265": [""], "200": [""], "171": [""], "142": [""], "114": [""], "90": [""], "61": [""], "49": [""], "26": [""], "1": [""], "8": [""], "9": [""], "10": [""], "11": [""], "13": [""], "14": [""], "15": [""], "23": [""], "27": [""], "42": [""], "51": [""], "79": [""], "62": [""], "63": [""], "64": [""], "65": [""], "66": [""], "67": [""], "68": [""], "69": [""], "70": [""], "71": [""], "72": [""], "73": [""], "74": [""], "76": [""], "77": [""], "101": [""], "92": [""], "94": [""], "93": [""], "98": [""], "95": [""], "96": [""], "102": [""], "103": [""], "129": [""], "115": [""], "120": [""], "116": [""], "117": [""], "122": [""], "121": [""], "126": [""], "123": [""], "124": [""], "130": [""], "131": [""], "158": [""], "143": [""], "149": [""], "144": [""], "145": [""], "146": [""], "151": [""], "150": [""], "155": [""], "152": [""], "153": [""], "159": [""], "160": [""], "189": [""], "172": [""], "178": [""], "173": [""], "174": [""], "175": [""], "180": [""], "179": [""], "186": [""], "182": [""], "184": [""], "225": [""], "201": [""], "208": [""], "202": [""], "203": [""], "204": [""], "209": [""], "215": [""], "217": [""], "216": [""], "222": [""], "218": [""], "219": [""], "220": [""], "253": [""], "266": [""], "274": [""], "267": [""], "268": [""], "269": [""], "270": [""], "276": [""], "285": [""], "275": [""], "290": [""], "277": [""], "278": [""], "279": [""], "280": [""], "284": [""], "286": [""], "287": [""]}, "executed_branches": [], "missing_branches": []}, "ErrorHandlingMiddleware._handle_generic_exception": {"executed_lines": [265, 274, 275, 284, 290], "summary": {"covered_lines": 3, "num_statements": 3, "percent_covered": 100.0, "percent_covered_display": "100.00", "missing_lines": 0, "excluded_lines": 2, "num_branches": 0, "num_partial_branches": 0, "covered_branches": 0, "missing_branches": 0}, "missing_lines": [], "excluded_lines": [274, 275], "contexts": {"265": [""], "200": [""], "171": [""], "142": [""], "114": [""], "90": [""], "61": [""], "49": [""], "26": [""], "1": [""], "8": [""], "9": [""], "10": [""], "11": [""], "13": [""], "14": [""], "15": [""], "23": [""], "27": [""], "42": [""], "51": [""], "79": [""], "62": [""], "63": [""], "64": [""], "65": [""], "66": [""], "67": [""], "68": [""], "69": [""], "70": [""], "71": [""], "72": [""], "73": [""], "74": [""], "76": [""], "77": [""], "101": [""], "92": [""], "94": [""], "93": [""], "98": [""], "95": [""], "96": [""], "102": [""], "103": [""], "129": [""], "115": [""], "120": [""], "116": [""], "117": [""], "122": [""], "121": [""], "126": [""], "123": [""], "124": [""], "130": [""], "131": [""], "158": [""], "143": [""], "149": [""], "144": [""], "145": [""], "146": [""], "151": [""], "150": [""], "155": [""], "152": [""], "153": [""], "159": [""], "160": [""], "189": [""], "172": [""], "178": [""], "173": [""], "174": [""], "175": [""], "180": [""], "179": [""], "186": [""], "182": [""], "184": [""], "225": [""], "201": [""], "208": [""], "202": [""], "203": [""], "204": [""], "209": [""], "215": [""], "217": [""], "216": [""], "222": [""], "218": [""], "219": [""], "220": [""], "253": [""], "266": [""], "274": [""], "267": [""], "268": [""], "269": [""], "270": [""], "276": [""], "285": [""], "275": [""], "290": [""], "277": [""], "278": [""], "279": [""], "280": [""], "284": [""], "286": [""], "287": [""]}, "executed_branches": [], "missing_branches": []}, "": {"executed_lines": [1, 8, 9, 10, 11, 13, 14, 15, 23, 26, 27, 42, 51, 79, 101, 129, 158, 189, 225, 253], "summary": {"covered_lines": 18, "num_statements": 18, "percent_covered": 100.0, "percent_covered_display": "100.00", "missing_lines": 0, "excluded_lines": 0, "num_branches": 0, "num_partial_branches": 0, "covered_branches": 0, "missing_branches": 0}, "missing_lines": [], "excluded_lines": [], "contexts": {"265": [""], "200": [""], "171": [""], "142": [""], "114": [""], "90": [""], "61": [""], "49": [""], "26": [""], "1": [""], "8": [""], "9": [""], "10": [""], "11": [""], "13": [""], "14": [""], "15": [""], "23": [""], "27": [""], "42": [""], "51": [""], "79": [""], "62": [""], "63": [""], "64": [""], "65": [""], "66": [""], "67": [""], "68": [""], "69": [""], "70": [""], "71": [""], "72": [""], "73": [""], "74": [""], "76": [""], "77": [""], "101": [""], "92": [""], "94": [""], "93": [""], "98": [""], "95": [""], "96": [""], "102": [""], "103": [""], "129": [""], "115": [""], "120": [""], "116": [""], "117": [""], "122": [""], "121": [""], "126": [""], "123": [""], "124": [""], "130": [""], "131": [""], "158": [""], "143": [""], "149": [""], "144": [""], "145": [""], "146": [""], "151": [""], "150": [""], "155": [""], "152": [""], "153": [""], "159": [""], "160": [""], "189": [""], "172": [""], "178": [""], "173": [""], "174": [""], "175": [""], "180": [""], "179": [""], "186": [""], "182": [""], "184": [""], "225": [""], "201": [""], "208": [""], "202": [""], "203": [""], "204": [""], "209": [""], "215": [""], "217": [""], "216": [""], "222": [""], "218": [""], "219": [""], "220": [""], "253": [""], "266": [""], "274": [""], "267": [""], "268": [""], "269": [""], "270": [""], "276": [""], "285": [""], "275": [""], "290": [""], "277": [""], "278": [""], "279": [""], "280": [""], "284": [""], "286": [""], "287": [""]}, "executed_branches": [], "missing_branches": []}}, "classes": {"ErrorHandlingMiddleware": {"executed_lines": [49, 61, 62, 63, 64, 65, 66, 67, 68, 69, 70, 71, 72, 73, 74, 76, 77, 90, 92, 114, 120, 142, 149, 171, 178, 200, 208, 209, 215, 265, 274, 275, 284, 290], "summary": {"covered_lines": 32, "num_statements": 38, "percent_covered": 78.57142857142857, "percent_covered_display": "78.57", "missing_lines": 6, "excluded_lines": 2, "num_branches": 4, "num_partial_branches": 1, "covered_branches": 1, "missing_branches": 3}, "missing_lines": [75, 210, 211, 213, 236, 244], "excluded_lines": [274, 275], "contexts": {"265": [""], "200": [""], "171": [""], "142": [""], "114": [""], "90": [""], "61": [""], "49": [""], "26": [""], "1": [""], "8": [""], "9": [""], "10": [""], "11": [""], "13": [""], "14": [""], "15": [""], "23": [""], "27": [""], "42": [""], "51": [""], "79": [""], "62": [""], "63": [""], "64": [""], "65": [""], "66": [""], "67": [""], "68": [""], "69": [""], "70": [""], "71": [""], "72": [""], "73": [""], "74": [""], "76": [""], "77": [""], "101": [""], "92": [""], "94": [""], "93": [""], "98": [""], "95": [""], "96": [""], "102": [""], "103": [""], "129": [""], "115": [""], "120": [""], "116": [""], "117": [""], "122": [""], "121": [""], "126": [""], "123": [""], "124": [""], "130": [""], "131": [""], "158": [""], "143": [""], "149": [""], "144": [""], "145": [""], "146": [""], "151": [""], "150": [""], "155": [""], "152": [""], "153": [""], "159": [""], "160": [""], "189": [""], "172": [""], "178": [""], "173": [""], "174": [""], "175": [""], "180": [""], "179": [""], "186": [""], "182": [""], "184": [""], "225": [""], "201": [""], "208": [""], "202": [""], "203": [""], "204": [""], "209": [""], "215": [""], "217": [""], "216": [""], "222": [""], "218": [""], "219": [""], "220": [""], "253": [""], "266": [""], "274": [""], "267": [""], "268": [""], "269": [""], "270": [""], "276": [""], "285": [""], "275": [""], "290": [""], "277": [""], "278": [""], "279": [""], "280": [""], "284": [""], "286": [""], "287": [""]}, "executed_branches": [[208, 209]], "missing_branches": [[208, 210], [210, 211], [210, 213]]}, "": {"executed_lines": [1, 8, 9, 10, 11, 13, 14, 15, 23, 26, 27, 42, 51, 79, 101, 129, 158, 189, 225, 253], "summary": {"covered_lines": 18, "num_statements": 18, "percent_covered": 100.0, "percent_covered_display": "100.00", "missing_lines": 0, "excluded_lines": 0, "num_branches": 0, "num_partial_branches": 0, "covered_branches": 0, "missing_branches": 0}, "missing_lines": [], "excluded_lines": [], "contexts": {"265": [""], "200": [""], "171": [""], "142": [""], "114": [""], "90": [""], "61": [""], "49": [""], "26": [""], "1": [""], "8": [""], "9": [""], "10": [""], "11": [""], "13": [""], "14": [""], "15": [""], "23": [""], "27": [""], "42": [""], "51": [""], "79": [""], "62": [""], "63": [""], "64": [""], "65": [""], "66": [""], "67": [""], "68": [""], "69": [""], "70": [""], "71": [""], "72": [""], "73": [""], "74": [""], "76": [""], "77": [""], "101": [""], "92": [""], "94": [""], "93": [""], "98": [""], "95": [""], "96": [""], "102": [""], "103": [""], "129": [""], "115": [""], "120": [""], "116": [""], "117": [""], "122": [""], "121": [""], "126": [""], "123": [""], "124": [""], "130": [""], "131": [""], "158": [""], "143": [""], "149": [""], "144": [""], "145": [""], "146": [""], "151": [""], "150": [""], "155": [""], "152": [""], "153": [""], "159": [""], "160": [""], "189": [""], "172": [""], "178": [""], "173": [""], "174": [""], "175": [""], "180": [""], "179": [""], "186": [""], "182": [""], "184": [""], "225": [""], "201": [""], "208": [""], "202": [""], "203": [""], "204": [""], "209": [""], "215": [""], "217": [""], "216": [""], "222": [""], "218": [""], "219": [""], "220": [""], "253": [""], "266": [""], "274": [""], "267": [""], "268": [""], "269": [""], "270": [""], "276": [""], "285": [""], "275": [""], "290": [""], "277": [""], "278": [""], "279": [""], "280": [""], "284": [""], "286": [""], "287": [""]}, "executed_branches": [], "missing_branches": []}}}, "src/common/middleware/request_logging.py": {"executed_lines": [1, 8, 9, 10, 12, 14, 17, 20, 21, 35, 42, 44, 55, 56, 59, 62, 65, 68, 71, 74, 84, 86, 99, 100, 105], "summary": {"covered_lines": 23, "num_statements": 24, "percent_covered": 92.85714285714286, "percent_covered_display": "92.86", "missing_lines": 1, "excluded_lines": 0, "num_branches": 4, "num_partial_branches": 1, "covered_branches": 3, "missing_branches": 1}, "missing_lines": [102], "excluded_lines": [], "contexts": {"99": [""], "55": [""], "42": [""], "20": [""], "1": [""], "8": [""], "9": [""], "10": [""], "12": [""], "14": [""], "17": [""], "21": [""], "35": [""], "44": [""], "86": [""], "56": [""], "59": [""], "62": [""], "65": [""], "68": [""], "71": [""], "74": [""], "75": [""], "84": [""], "76": [""], "77": [""], "78": [""], "79": [""], "80": [""], "81": [""], "100": [""], "105": [""]}, "executed_branches": [[55, 56], [55, 59], [100, 105]], "missing_branches": [[100, 102]], "functions": {"RequestLoggingMiddleware.__init__": {"executed_lines": [42], "summary": {"covered_lines": 1, "num_statements": 1, "percent_covered": 100.0, "percent_covered_display": "100.00", "missing_lines": 0, "excluded_lines": 0, "num_branches": 0, "num_partial_branches": 0, "covered_branches": 0, "missing_branches": 0}, "missing_lines": [], "excluded_lines": [], "contexts": {"99": [""], "55": [""], "42": [""], "20": [""], "1": [""], "8": [""], "9": [""], "10": [""], "12": [""], "14": [""], "17": [""], "21": [""], "35": [""], "44": [""], "86": [""], "56": [""], "59": [""], "62": [""], "65": [""], "68": [""], "71": [""], "74": [""], "75": [""], "84": [""], "76": [""], "77": [""], "78": [""], "79": [""], "80": [""], "81": [""], "100": [""], "105": [""]}, "executed_branches": [], "missing_branches": []}, "RequestLoggingMiddleware.__call__": {"executed_lines": [55, 56, 59, 62, 65, 68, 71, 74, 84], "summary": {"covered_lines": 9, "num_statements": 9, "percent_covered": 100.0, "percent_covered_display": "100.00", "missing_lines": 0, "excluded_lines": 0, "num_branches": 2, "num_partial_branches": 0, "covered_branches": 2, "missing_branches": 0}, "missing_lines": [], "excluded_lines": [], "contexts": {"99": [""], "55": [""], "42": [""], "20": [""], "1": [""], "8": [""], "9": [""], "10": [""], "12": [""], "14": [""], "17": [""], "21": [""], "35": [""], "44": [""], "86": [""], "56": [""], "59": [""], "62": [""], "65": [""], "68": [""], "71": [""], "74": [""], "75": [""], "84": [""], "76": [""], "77": [""], "78": [""], "79": [""], "80": [""], "81": [""], "100": [""], "105": [""]}, "executed_branches": [[55, 56], [55, 59]], "missing_branches": []}, "RequestLoggingMiddleware._get_client_ip": {"executed_lines": [99, 100, 105], "summary": {"covered_lines": 3, "num_statements": 4, "percent_covered": 66.66666666666667, "percent_covered_display": "66.67", "missing_lines": 1, "excluded_lines": 0, "num_branches": 2, "num_partial_branches": 1, "covered_branches": 1, "missing_branches": 1}, "missing_lines": [102], "excluded_lines": [], "contexts": {"99": [""], "55": [""], "42": [""], "20": [""], "1": [""], "8": [""], "9": [""], "10": [""], "12": [""], "14": [""], "17": [""], "21": [""], "35": [""], "44": [""], "86": [""], "56": [""], "59": [""], "62": [""], "65": [""], "68": [""], "71": [""], "74": [""], "75": [""], "84": [""], "76": [""], "77": [""], "78": [""], "79": [""], "80": [""], "81": [""], "100": [""], "105": [""]}, "executed_branches": [[100, 105]], "missing_branches": [[100, 102]]}, "": {"executed_lines": [1, 8, 9, 10, 12, 14, 17, 20, 21, 35, 44, 86], "summary": {"covered_lines": 10, "num_statements": 10, "percent_covered": 100.0, "percent_covered_display": "100.00", "missing_lines": 0, "excluded_lines": 0, "num_branches": 0, "num_partial_branches": 0, "covered_branches": 0, "missing_branches": 0}, "missing_lines": [], "excluded_lines": [], "contexts": {"99": [""], "55": [""], "42": [""], "20": [""], "1": [""], "8": [""], "9": [""], "10": [""], "12": [""], "14": [""], "17": [""], "21": [""], "35": [""], "44": [""], "86": [""], "56": [""], "59": [""], "62": [""], "65": [""], "68": [""], "71": [""], "74": [""], "75": [""], "84": [""], "76": [""], "77": [""], "78": [""], "79": [""], "80": [""], "81": [""], "100": [""], "105": [""]}, "executed_branches": [], "missing_branches": []}}, "classes": {"RequestLoggingMiddleware": {"executed_lines": [42, 55, 56, 59, 62, 65, 68, 71, 74, 84, 99, 100, 105], "summary": {"covered_lines": 13, "num_statements": 14, "percent_covered": 88.88888888888889, "percent_covered_display": "88.89", "missing_lines": 1, "excluded_lines": 0, "num_branches": 4, "num_partial_branches": 1, "covered_branches": 3, "missing_branches": 1}, "missing_lines": [102], "excluded_lines": [], "contexts": {"99": [""], "55": [""], "42": [""], "20": [""], "1": [""], "8": [""], "9": [""], "10": [""], "12": [""], "14": [""], "17": [""], "21": [""], "35": [""], "44": [""], "86": [""], "56": [""], "59": [""], "62": [""], "65": [""], "68": [""], "71": [""], "74": [""], "75": [""], "84": [""], "76": [""], "77": [""], "78": [""], "79": [""], "80": [""], "81": [""], "100": [""], "105": [""]}, "executed_branches": [[55, 56], [55, 59], [100, 105]], "missing_branches": [[100, 102]]}, "": {"executed_lines": [1, 8, 9, 10, 12, 14, 17, 20, 21, 35, 44, 86], "summary": {"covered_lines": 10, "num_statements": 10, "percent_covered": 100.0, "percent_covered_display": "100.00", "missing_lines": 0, "excluded_lines": 0, "num_branches": 0, "num_partial_branches": 0, "covered_branches": 0, "missing_branches": 0}, "missing_lines": [], "excluded_lines": [], "contexts": {"99": [""], "55": [""], "42": [""], "20": [""], "1": [""], "8": [""], "9": [""], "10": [""], "12": [""], "14": [""], "17": [""], "21": [""], "35": [""], "44": [""], "86": [""], "56": [""], "59": [""], "62": [""], "65": [""], "68": [""], "71": [""], "74": [""], "75": [""], "84": [""], "76": [""], "77": [""], "78": [""], "79": [""], "80": [""], "81": [""], "100": [""], "105": [""]}, "executed_branches": [], "missing_branches": []}}}, "src/common/mixins/__init__.py": {"executed_lines": [], "summary": {"covered_lines": 0, "num_statements": 0, "percent_covered": 100.0, "percent_covered_display": "100.00", "missing_lines": 0, "excluded_lines": 0, "num_branches": 0, "num_partial_branches": 0, "covered_branches": 0, "missing_branches": 0}, "missing_lines": [], "excluded_lines": [], "contexts": {}, "executed_branches": [], "missing_branches": [], "functions": {"": {"executed_lines": [], "summary": {"covered_lines": 0, "num_statements": 0, "percent_covered": 100.0, "percent_covered_display": "100.00", "missing_lines": 0, "excluded_lines": 0, "num_branches": 0, "num_partial_branches": 0, "covered_branches": 0, "missing_branches": 0}, "missing_lines": [], "excluded_lines": [], "contexts": {}, "executed_branches": [], "missing_branches": []}}, "classes": {"": {"executed_lines": [], "summary": {"covered_lines": 0, "num_statements": 0, "percent_covered": 100.0, "percent_covered_display": "100.00", "missing_lines": 0, "excluded_lines": 0, "num_branches": 0, "num_partial_branches": 0, "covered_branches": 0, "missing_branches": 0}, "missing_lines": [], "excluded_lines": [], "contexts": {}, "executed_branches": [], "missing_branches": []}}}, "src/common/permissions/__init__.py": {"executed_lines": [], "summary": {"covered_lines": 0, "num_statements": 0, "percent_covered": 100.0, "percent_covered_display": "100.00", "missing_lines": 0, "excluded_lines": 0, "num_branches": 0, "num_partial_branches": 0, "covered_branches": 0, "missing_branches": 0}, "missing_lines": [], "excluded_lines": [], "contexts": {}, "executed_branches": [], "missing_branches": [], "functions": {"": {"executed_lines": [], "summary": {"covered_lines": 0, "num_statements": 0, "percent_covered": 100.0, "percent_covered_display": "100.00", "missing_lines": 0, "excluded_lines": 0, "num_branches": 0, "num_partial_branches": 0, "covered_branches": 0, "missing_branches": 0}, "missing_lines": [], "excluded_lines": [], "contexts": {}, "executed_branches": [], "missing_branches": []}}, "classes": {"": {"executed_lines": [], "summary": {"covered_lines": 0, "num_statements": 0, "percent_covered": 100.0, "percent_covered_display": "100.00", "missing_lines": 0, "excluded_lines": 0, "num_branches": 0, "num_partial_branches": 0, "covered_branches": 0, "missing_branches": 0}, "missing_lines": [], "excluded_lines": [], "contexts": {}, "executed_branches": [], "missing_branches": []}}}, "src/common/serializers/__init__.py": {"executed_lines": [], "summary": {"covered_lines": 0, "num_statements": 0, "percent_covered": 100.0, "percent_covered_display": "100.00", "missing_lines": 0, "excluded_lines": 0, "num_branches": 0, "num_partial_branches": 0, "covered_branches": 0, "missing_branches": 0}, "missing_lines": [], "excluded_lines": [], "contexts": {}, "executed_branches": [], "missing_branches": [], "functions": {"": {"executed_lines": [], "summary": {"covered_lines": 0, "num_statements": 0, "percent_covered": 100.0, "percent_covered_display": "100.00", "missing_lines": 0, "excluded_lines": 0, "num_branches": 0, "num_partial_branches": 0, "covered_branches": 0, "missing_branches": 0}, "missing_lines": [], "excluded_lines": [], "contexts": {}, "executed_branches": [], "missing_branches": []}}, "classes": {"": {"executed_lines": [], "summary": {"covered_lines": 0, "num_statements": 0, "percent_covered": 100.0, "percent_covered_display": "100.00", "missing_lines": 0, "excluded_lines": 0, "num_branches": 0, "num_partial_branches": 0, "covered_branches": 0, "missing_branches": 0}, "missing_lines": [], "excluded_lines": [], "contexts": {}, "executed_branches": [], "missing_branches": []}}}, "src/common/utils/__init__.py": {"executed_lines": [], "summary": {"covered_lines": 0, "num_statements": 0, "percent_covered": 100.0, "percent_covered_display": "100.00", "missing_lines": 0, "excluded_lines": 0, "num_branches": 0, "num_partial_branches": 0, "covered_branches": 0, "missing_branches": 0}, "missing_lines": [], "excluded_lines": [], "contexts": {}, "executed_branches": [], "missing_branches": [], "functions": {"": {"executed_lines": [], "summary": {"covered_lines": 0, "num_statements": 0, "percent_covered": 100.0, "percent_covered_display": "100.00", "missing_lines": 0, "excluded_lines": 0, "num_branches": 0, "num_partial_branches": 0, "covered_branches": 0, "missing_branches": 0}, "missing_lines": [], "excluded_lines": [], "contexts": {}, "executed_branches": [], "missing_branches": []}}, "classes": {"": {"executed_lines": [], "summary": {"covered_lines": 0, "num_statements": 0, "percent_covered": 100.0, "percent_covered_display": "100.00", "missing_lines": 0, "excluded_lines": 0, "num_branches": 0, "num_partial_branches": 0, "covered_branches": 0, "missing_branches": 0}, "missing_lines": [], "excluded_lines": [], "contexts": {}, "executed_branches": [], "missing_branches": []}}}, "src/common/validators/__init__.py": {"executed_lines": [], "summary": {"covered_lines": 0, "num_statements": 0, "percent_covered": 100.0, "percent_covered_display": "100.00", "missing_lines": 0, "excluded_lines": 0, "num_branches": 0, "num_partial_branches": 0, "covered_branches": 0, "missing_branches": 0}, "missing_lines": [], "excluded_lines": [], "contexts": {}, "executed_branches": [], "missing_branches": [], "functions": {"": {"executed_lines": [], "summary": {"covered_lines": 0, "num_statements": 0, "percent_covered": 100.0, "percent_covered_display": "100.00", "missing_lines": 0, "excluded_lines": 0, "num_branches": 0, "num_partial_branches": 0, "covered_branches": 0, "missing_branches": 0}, "missing_lines": [], "excluded_lines": [], "contexts": {}, "executed_branches": [], "missing_branches": []}}, "classes": {"": {"executed_lines": [], "summary": {"covered_lines": 0, "num_statements": 0, "percent_covered": 100.0, "percent_covered_display": "100.00", "missing_lines": 0, "excluded_lines": 0, "num_branches": 0, "num_partial_branches": 0, "covered_branches": 0, "missing_branches": 0}, "missing_lines": [], "excluded_lines": [], "contexts": {}, "executed_branches": [], "missing_branches": []}}}, "src/common/views/__init__.py": {"executed_lines": [1, 3, 5], "summary": {"covered_lines": 2, "num_statements": 2, "percent_covered": 100.0, "percent_covered_display": "100.00", "missing_lines": 0, "excluded_lines": 0, "num_branches": 0, "num_partial_branches": 0, "covered_branches": 0, "missing_branches": 0}, "missing_lines": [], "excluded_lines": [], "contexts": {"1": [""], "3": [""], "5": [""]}, "executed_branches": [], "missing_branches": [], "functions": {"": {"executed_lines": [1, 3, 5], "summary": {"covered_lines": 2, "num_statements": 2, "percent_covered": 100.0, "percent_covered_display": "100.00", "missing_lines": 0, "excluded_lines": 0, "num_branches": 0, "num_partial_branches": 0, "covered_branches": 0, "missing_branches": 0}, "missing_lines": [], "excluded_lines": [], "contexts": {"1": [""], "3": [""], "5": [""]}, "executed_branches": [], "missing_branches": []}}, "classes": {"": {"executed_lines": [1, 3, 5], "summary": {"covered_lines": 2, "num_statements": 2, "percent_covered": 100.0, "percent_covered_display": "100.00", "missing_lines": 0, "excluded_lines": 0, "num_branches": 0, "num_partial_branches": 0, "covered_branches": 0, "missing_branches": 0}, "missing_lines": [], "excluded_lines": [], "contexts": {"1": [""], "3": [""], "5": [""]}, "executed_branches": [], "missing_branches": []}}}, "src/common/views/health.py": {"executed_lines": [1, 9, 11, 12, 13, 14, 15, 17, 20, 21, 38, 39, 41, 51, 52, 54, 64, 70], "summary": {"covered_lines": 16, "num_statements": 16, "percent_covered": 100.0, "percent_covered_display": "100.00", "missing_lines": 0, "excluded_lines": 0, "num_branches": 0, "num_partial_branches": 0, "covered_branches": 0, "missing_branches": 0}, "missing_lines": [], "excluded_lines": [], "contexts": {"51": [""], "20": [""], "1": [""], "9": [""], "11": [""], "12": [""], "13": [""], "14": [""], "15": [""], "17": [""], "21": [""], "38": [""], "39": [""], "41": [""], "52": [""], "55": [""], "54": [""], "66": [""], "56": [""], "57": [""], "58": [""], "59": [""], "60": [""], "64": [""], "70": [""], "65": [""], "67": [""]}, "executed_branches": [], "missing_branches": [], "functions": {"HealthCheckView.get": {"executed_lines": [51, 52, 54, 64, 70], "summary": {"covered_lines": 5, "num_statements": 5, "percent_covered": 100.0, "percent_covered_display": "100.00", "missing_lines": 0, "excluded_lines": 0, "num_branches": 0, "num_partial_branches": 0, "covered_branches": 0, "missing_branches": 0}, "missing_lines": [], "excluded_lines": [], "contexts": {"51": [""], "20": [""], "1": [""], "9": [""], "11": [""], "12": [""], "13": [""], "14": [""], "15": [""], "17": [""], "21": [""], "38": [""], "39": [""], "41": [""], "52": [""], "55": [""], "54": [""], "66": [""], "56": [""], "57": [""], "58": [""], "59": [""], "60": [""], "64": [""], "70": [""], "65": [""], "67": [""]}, "executed_branches": [], "missing_branches": []}, "": {"executed_lines": [1, 9, 11, 12, 13, 14, 15, 17, 20, 21, 38, 39, 41], "summary": {"covered_lines": 11, "num_statements": 11, "percent_covered": 100.0, "percent_covered_display": "100.00", "missing_lines": 0, "excluded_lines": 0, "num_branches": 0, "num_partial_branches": 0, "covered_branches": 0, "missing_branches": 0}, "missing_lines": [], "excluded_lines": [], "contexts": {"51": [""], "20": [""], "1": [""], "9": [""], "11": [""], "12": [""], "13": [""], "14": [""], "15": [""], "17": [""], "21": [""], "38": [""], "39": [""], "41": [""], "52": [""], "55": [""], "54": [""], "66": [""], "56": [""], "57": [""], "58": [""], "59": [""], "60": [""], "64": [""], "70": [""], "65": [""], "67": [""]}, "executed_branches": [], "missing_branches": []}}, "classes": {"HealthCheckView": {"executed_lines": [51, 52, 54, 64, 70], "summary": {"covered_lines": 5, "num_statements": 5, "percent_covered": 100.0, "percent_covered_display": "100.00", "missing_lines": 0, "excluded_lines": 0, "num_branches": 0, "num_partial_branches": 0, "covered_branches": 0, "missing_branches": 0}, "missing_lines": [], "excluded_lines": [], "contexts": {"51": [""], "20": [""], "1": [""], "9": [""], "11": [""], "12": [""], "13": [""], "14": [""], "15": [""], "17": [""], "21": [""], "38": [""], "39": [""], "41": [""], "52": [""], "55": [""], "54": [""], "66": [""], "56": [""], "57": [""], "58": [""], "59": [""], "60": [""], "64": [""], "70": [""], "65": [""], "67": [""]}, "executed_branches": [], "missing_branches": []}, "": {"executed_lines": [1, 9, 11, 12, 13, 14, 15, 17, 20, 21, 38, 39, 41], "summary": {"covered_lines": 11, "num_statements": 11, "percent_covered": 100.0, "percent_covered_display": "100.00", "missing_lines": 0, "excluded_lines": 0, "num_branches": 0, "num_partial_branches": 0, "covered_branches": 0, "missing_branches": 0}, "missing_lines": [], "excluded_lines": [], "contexts": {"51": [""], "20": [""], "1": [""], "9": [""], "11": [""], "12": [""], "13": [""], "14": [""], "15": [""], "17": [""], "21": [""], "38": [""], "39": [""], "41": [""], "52": [""], "55": [""], "54": [""], "66": [""], "56": [""], "57": [""], "58": [""], "59": [""], "60": [""], "64": [""], "70": [""], "65": [""], "67": [""]}, "executed_branches": [], "missing_branches": []}}}, "src/core/__init__.py": {"executed_lines": [1], "summary": {"covered_lines": 0, "num_statements": 0, "percent_covered": 100.0, "percent_covered_display": "100.00", "missing_lines": 0, "excluded_lines": 0, "num_branches": 0, "num_partial_branches": 0, "covered_branches": 0, "missing_branches": 0}, "missing_lines": [], "excluded_lines": [], "contexts": {"1": [""]}, "executed_branches": [], "missing_branches": [], "functions": {"": {"executed_lines": [1], "summary": {"covered_lines": 0, "num_statements": 0, "percent_covered": 100.0, "percent_covered_display": "100.00", "missing_lines": 0, "excluded_lines": 0, "num_branches": 0, "num_partial_branches": 0, "covered_branches": 0, "missing_branches": 0}, "missing_lines": [], "excluded_lines": [], "contexts": {"1": [""]}, "executed_branches": [], "missing_branches": []}}, "classes": {"": {"executed_lines": [1], "summary": {"covered_lines": 0, "num_statements": 0, "percent_covered": 100.0, "percent_covered_display": "100.00", "missing_lines": 0, "excluded_lines": 0, "num_branches": 0, "num_partial_branches": 0, "covered_branches": 0, "missing_branches": 0}, "missing_lines": [], "excluded_lines": [], "contexts": {"1": [""]}, "executed_branches": [], "missing_branches": []}}}, "src/core/models/__init__.py": {"executed_lines": [], "summary": {"covered_lines": 0, "num_statements": 0, "percent_covered": 100.0, "percent_covered_display": "100.00", "missing_lines": 0, "excluded_lines": 0, "num_branches": 0, "num_partial_branches": 0, "covered_branches": 0, "missing_branches": 0}, "missing_lines": [], "excluded_lines": [], "contexts": {}, "executed_branches": [], "missing_branches": [], "functions": {"": {"executed_lines": [], "summary": {"covered_lines": 0, "num_statements": 0, "percent_covered": 100.0, "percent_covered_display": "100.00", "missing_lines": 0, "excluded_lines": 0, "num_branches": 0, "num_partial_branches": 0, "covered_branches": 0, "missing_branches": 0}, "missing_lines": [], "excluded_lines": [], "contexts": {}, "executed_branches": [], "missing_branches": []}}, "classes": {"": {"executed_lines": [], "summary": {"covered_lines": 0, "num_statements": 0, "percent_covered": 100.0, "percent_covered_display": "100.00", "missing_lines": 0, "excluded_lines": 0, "num_branches": 0, "num_partial_branches": 0, "covered_branches": 0, "missing_branches": 0}, "missing_lines": [], "excluded_lines": [], "contexts": {}, "executed_branches": [], "missing_branches": []}}}, "src/core/repositories/__init__.py": {"executed_lines": [], "summary": {"covered_lines": 0, "num_statements": 0, "percent_covered": 100.0, "percent_covered_display": "100.00", "missing_lines": 0, "excluded_lines": 0, "num_branches": 0, "num_partial_branches": 0, "covered_branches": 0, "missing_branches": 0}, "missing_lines": [], "excluded_lines": [], "contexts": {}, "executed_branches": [], "missing_branches": [], "functions": {"": {"executed_lines": [], "summary": {"covered_lines": 0, "num_statements": 0, "percent_covered": 100.0, "percent_covered_display": "100.00", "missing_lines": 0, "excluded_lines": 0, "num_branches": 0, "num_partial_branches": 0, "covered_branches": 0, "missing_branches": 0}, "missing_lines": [], "excluded_lines": [], "contexts": {}, "executed_branches": [], "missing_branches": []}}, "classes": {"": {"executed_lines": [], "summary": {"covered_lines": 0, "num_statements": 0, "percent_covered": 100.0, "percent_covered_display": "100.00", "missing_lines": 0, "excluded_lines": 0, "num_branches": 0, "num_partial_branches": 0, "covered_branches": 0, "missing_branches": 0}, "missing_lines": [], "excluded_lines": [], "contexts": {}, "executed_branches": [], "missing_branches": []}}}, "src/core/services/__init__.py": {"executed_lines": [1], "summary": {"covered_lines": 0, "num_statements": 0, "percent_covered": 100.0, "percent_covered_display": "100.00", "missing_lines": 0, "excluded_lines": 0, "num_branches": 0, "num_partial_branches": 0, "covered_branches": 0, "missing_branches": 0}, "missing_lines": [], "excluded_lines": [], "contexts": {"1": [""]}, "executed_branches": [], "missing_branches": [], "functions": {"": {"executed_lines": [1], "summary": {"covered_lines": 0, "num_statements": 0, "percent_covered": 100.0, "percent_covered_display": "100.00", "missing_lines": 0, "excluded_lines": 0, "num_branches": 0, "num_partial_branches": 0, "covered_branches": 0, "missing_branches": 0}, "missing_lines": [], "excluded_lines": [], "contexts": {"1": [""]}, "executed_branches": [], "missing_branches": []}}, "classes": {"": {"executed_lines": [1], "summary": {"covered_lines": 0, "num_statements": 0, "percent_covered": 100.0, "percent_covered_display": "100.00", "missing_lines": 0, "excluded_lines": 0, "num_branches": 0, "num_partial_branches": 0, "covered_branches": 0, "missing_branches": 0}, "missing_lines": [], "excluded_lines": [], "contexts": {"1": [""]}, "executed_branches": [], "missing_branches": []}}}, "src/core/services/health.py": {"executed_lines": [1, 8, 9, 10, 12, 13, 16, 17, 18, 20, 21, 22, 23, 24, 27, 28, 37, 39, 41, 51, 52, 53, 54, 55, 60, 61, 63, 70, 72, 74, 81, 83, 90, 91, 93, 101, 108, 109], "summary": {"covered_lines": 34, "num_statements": 34, "percent_covered": 100.0, "percent_covered_display": "100.00", "missing_lines": 0, "excluded_lines": 2, "num_branches": 0, "num_partial_branches": 0, "covered_branches": 0, "missing_branches": 0}, "missing_lines": [], "excluded_lines": [39, 102], "contexts": {"108": [""], "90": [""], "81": [""], "70": [""], "51": [""], "39": [""], "27": [""], "16": [""], "1": [""], "8": [""], "9": [""], "10": [""], "12": [""], "13": [""], "17": [""], "18": [""], "20": [""], "21": [""], "22": [""], "23": [""], "24": [""], "28": [""], "37": [""], "41": [""], "63": [""], "52": [""], "53": [""], "56": [""], "60": [""], "54": [""], "55": [""], "57": [""], "58": [""], "61": [""], "74": [""], "72": [""], "83": [""], "101": [""], "91": [""], "93": [""], "94": [""], "95": [""], "96": [""], "97": [""], "98": [""], "109": [""]}, "executed_branches": [], "missing_branches": [], "functions": {"HealthCheckService.__init__": {"executed_lines": [39], "summary": {"covered_lines": 0, "num_statements": 0, "percent_covered": 100.0, "percent_covered_display": "100.00", "missing_lines": 0, "excluded_lines": 1, "num_branches": 0, "num_partial_branches": 0, "covered_branches": 0, "missing_branches": 0}, "missing_lines": [], "excluded_lines": [39], "contexts": {"108": [""], "90": [""], "81": [""], "70": [""], "51": [""], "39": [""], "27": [""], "16": [""], "1": [""], "8": [""], "9": [""], "10": [""], "12": [""], "13": [""], "17": [""], "18": [""], "20": [""], "21": [""], "22": [""], "23": [""], "24": [""], "28": [""], "37": [""], "41": [""], "63": [""], "52": [""], "53": [""], "56": [""], "60": [""], "54": [""], "55": [""], "57": [""], "58": [""], "61": [""], "74": [""], "72": [""], "83": [""], "101": [""], "91": [""], "93": [""], "94": [""], "95": [""], "96": [""], "97": [""], "98": [""], "109": [""]}, "executed_branches": [], "missing_branches": []}, "HealthCheckService.check_database": {"executed_lines": [51, 52, 53, 54, 55, 60, 61], "summary": {"covered_lines": 7, "num_statements": 7, "percent_covered": 100.0, "percent_covered_display": "100.00", "missing_lines": 0, "excluded_lines": 0, "num_branches": 0, "num_partial_branches": 0, "covered_branches": 0, "missing_branches": 0}, "missing_lines": [], "excluded_lines": [], "contexts": {"108": [""], "90": [""], "81": [""], "70": [""], "51": [""], "39": [""], "27": [""], "16": [""], "1": [""], "8": [""], "9": [""], "10": [""], "12": [""], "13": [""], "17": [""], "18": [""], "20": [""], "21": [""], "22": [""], "23": [""], "24": [""], "28": [""], "37": [""], "41": [""], "63": [""], "52": [""], "53": [""], "56": [""], "60": [""], "54": [""], "55": [""], "57": [""], "58": [""], "61": [""], "74": [""], "72": [""], "83": [""], "101": [""], "91": [""], "93": [""], "94": [""], "95": [""], "96": [""], "97": [""], "98": [""], "109": [""]}, "executed_branches": [], "missing_branches": []}, "HealthCheckService.get_application_version": {"executed_lines": [70, 72], "summary": {"covered_lines": 2, "num_statements": 2, "percent_covered": 100.0, "percent_covered_display": "100.00", "missing_lines": 0, "excluded_lines": 0, "num_branches": 0, "num_partial_branches": 0, "covered_branches": 0, "missing_branches": 0}, "missing_lines": [], "excluded_lines": [], "contexts": {"108": [""], "90": [""], "81": [""], "70": [""], "51": [""], "39": [""], "27": [""], "16": [""], "1": [""], "8": [""], "9": [""], "10": [""], "12": [""], "13": [""], "17": [""], "18": [""], "20": [""], "21": [""], "22": [""], "23": [""], "24": [""], "28": [""], "37": [""], "41": [""], "63": [""], "52": [""], "53": [""], "56": [""], "60": [""], "54": [""], "55": [""], "57": [""], "58": [""], "61": [""], "74": [""], "72": [""], "83": [""], "101": [""], "91": [""], "93": [""], "94": [""], "95": [""], "96": [""], "97": [""], "98": [""], "109": [""]}, "executed_branches": [], "missing_branches": []}, "HealthCheckService.is_debug_mode": {"executed_lines": [81], "summary": {"covered_lines": 1, "num_statements": 1, "percent_covered": 100.0, "percent_covered_display": "100.00", "missing_lines": 0, "excluded_lines": 0, "num_branches": 0, "num_partial_branches": 0, "covered_branches": 0, "missing_branches": 0}, "missing_lines": [], "excluded_lines": [], "contexts": {"108": [""], "90": [""], "81": [""], "70": [""], "51": [""], "39": [""], "27": [""], "16": [""], "1": [""], "8": [""], "9": [""], "10": [""], "12": [""], "13": [""], "17": [""], "18": [""], "20": [""], "21": [""], "22": [""], "23": [""], "24": [""], "28": [""], "37": [""], "41": [""], "63": [""], "52": [""], "53": [""], "56": [""], "60": [""], "54": [""], "55": [""], "57": [""], "58": [""], "61": [""], "74": [""], "72": [""], "83": [""], "101": [""], "91": [""], "93": [""], "94": [""], "95": [""], "96": [""], "97": [""], "98": [""], "109": [""]}, "executed_branches": [], "missing_branches": []}, "HealthCheckService.get_health_status": {"executed_lines": [90, 91, 93], "summary": {"covered_lines": 3, "num_statements": 3, "percent_covered": 100.0, "percent_covered_display": "100.00", "missing_lines": 0, "excluded_lines": 0, "num_branches": 0, "num_partial_branches": 0, "covered_branches": 0, "missing_branches": 0}, "missing_lines": [], "excluded_lines": [], "contexts": {"108": [""], "90": [""], "81": [""], "70": [""], "51": [""], "39": [""], "27": [""], "16": [""], "1": [""], "8": [""], "9": [""], "10": [""], "12": [""], "13": [""], "17": [""], "18": [""], "20": [""], "21": [""], "22": [""], "23": [""], "24": [""], "28": [""], "37": [""], "41": [""], "63": [""], "52": [""], "53": [""], "56": [""], "60": [""], "54": [""], "55": [""], "57": [""], "58": [""], "61": [""], "74": [""], "72": [""], "83": [""], "101": [""], "91": [""], "93": [""], "94": [""], "95": [""], "96": [""], "97": [""], "98": [""], "109": [""]}, "executed_branches": [], "missing_branches": []}, "HealthCheckService.is_healthy": {"executed_lines": [108, 109], "summary": {"covered_lines": 2, "num_statements": 2, "percent_covered": 100.0, "percent_covered_display": "100.00", "missing_lines": 0, "excluded_lines": 1, "num_branches": 0, "num_partial_branches": 0, "covered_branches": 0, "missing_branches": 0}, "missing_lines": [], "excluded_lines": [102], "contexts": {"108": [""], "90": [""], "81": [""], "70": [""], "51": [""], "39": [""], "27": [""], "16": [""], "1": [""], "8": [""], "9": [""], "10": [""], "12": [""], "13": [""], "17": [""], "18": [""], "20": [""], "21": [""], "22": [""], "23": [""], "24": [""], "28": [""], "37": [""], "41": [""], "63": [""], "52": [""], "53": [""], "56": [""], "60": [""], "54": [""], "55": [""], "57": [""], "58": [""], "61": [""], "74": [""], "72": [""], "83": [""], "101": [""], "91": [""], "93": [""], "94": [""], "95": [""], "96": [""], "97": [""], "98": [""], "109": [""]}, "executed_branches": [], "missing_branches": []}, "": {"executed_lines": [1, 8, 9, 10, 12, 13, 16, 17, 18, 20, 21, 22, 23, 24, 27, 28, 37, 41, 63, 74, 83, 101], "summary": {"covered_lines": 19, "num_statements": 19, "percent_covered": 100.0, "percent_covered_display": "100.00", "missing_lines": 0, "excluded_lines": 0, "num_branches": 0, "num_partial_branches": 0, "covered_branches": 0, "missing_branches": 0}, "missing_lines": [], "excluded_lines": [], "contexts": {"108": [""], "90": [""], "81": [""], "70": [""], "51": [""], "39": [""], "27": [""], "16": [""], "1": [""], "8": [""], "9": [""], "10": [""], "12": [""], "13": [""], "17": [""], "18": [""], "20": [""], "21": [""], "22": [""], "23": [""], "24": [""], "28": [""], "37": [""], "41": [""], "63": [""], "52": [""], "53": [""], "56": [""], "60": [""], "54": [""], "55": [""], "57": [""], "58": [""], "61": [""], "74": [""], "72": [""], "83": [""], "101": [""], "91": [""], "93": [""], "94": [""], "95": [""], "96": [""], "97": [""], "98": [""], "109": [""]}, "executed_branches": [], "missing_branches": []}}, "classes": {"HealthStatus": {"executed_lines": [], "summary": {"covered_lines": 0, "num_statements": 0, "percent_covered": 100.0, "percent_covered_display": "100.00", "missing_lines": 0, "excluded_lines": 0, "num_branches": 0, "num_partial_branches": 0, "covered_branches": 0, "missing_branches": 0}, "missing_lines": [], "excluded_lines": [], "contexts": {"108": [""], "90": [""], "81": [""], "70": [""], "51": [""], "39": [""], "27": [""], "16": [""], "1": [""], "8": [""], "9": [""], "10": [""], "12": [""], "13": [""], "17": [""], "18": [""], "20": [""], "21": [""], "22": [""], "23": [""], "24": [""], "28": [""], "37": [""], "41": [""], "63": [""], "52": [""], "53": [""], "56": [""], "60": [""], "54": [""], "55": [""], "57": [""], "58": [""], "61": [""], "74": [""], "72": [""], "83": [""], "101": [""], "91": [""], "93": [""], "94": [""], "95": [""], "96": [""], "97": [""], "98": [""], "109": [""]}, "executed_branches": [], "missing_branches": []}, "HealthCheckService": {"executed_lines": [39, 51, 52, 53, 54, 55, 60, 61, 70, 72, 81, 90, 91, 93, 108, 109], "summary": {"covered_lines": 15, "num_statements": 15, "percent_covered": 100.0, "percent_covered_display": "100.00", "missing_lines": 0, "excluded_lines": 2, "num_branches": 0, "num_partial_branches": 0, "covered_branches": 0, "missing_branches": 0}, "missing_lines": [], "excluded_lines": [39, 102], "contexts": {"108": [""], "90": [""], "81": [""], "70": [""], "51": [""], "39": [""], "27": [""], "16": [""], "1": [""], "8": [""], "9": [""], "10": [""], "12": [""], "13": [""], "17": [""], "18": [""], "20": [""], "21": [""], "22": [""], "23": [""], "24": [""], "28": [""], "37": [""], "41": [""], "63": [""], "52": [""], "53": [""], "56": [""], "60": [""], "54": [""], "55": [""], "57": [""], "58": [""], "61": [""], "74": [""], "72": [""], "83": [""], "101": [""], "91": [""], "93": [""], "94": [""], "95": [""], "96": [""], "97": [""], "98": [""], "109": [""]}, "executed_branches": [], "missing_branches": []}, "": {"executed_lines": [1, 8, 9, 10, 12, 13, 16, 17, 18, 20, 21, 22, 23, 24, 27, 28, 37, 41, 63, 74, 83, 101], "summary": {"covered_lines": 19, "num_statements": 19, "percent_covered": 100.0, "percent_covered_display": "100.00", "missing_lines": 0, "excluded_lines": 0, "num_branches": 0, "num_partial_branches": 0, "covered_branches": 0, "missing_branches": 0}, "missing_lines": [], "excluded_lines": [], "contexts": {"108": [""], "90": [""], "81": [""], "70": [""], "51": [""], "39": [""], "27": [""], "16": [""], "1": [""], "8": [""], "9": [""], "10": [""], "12": [""], "13": [""], "17": [""], "18": [""], "20": [""], "21": [""], "22": [""], "23": [""], "24": [""], "28": [""], "37": [""], "41": [""], "63": [""], "52": [""], "53": [""], "56": [""], "60": [""], "54": [""], "55": [""], "57": [""], "58": [""], "61": [""], "74": [""], "72": [""], "83": [""], "101": [""], "91": [""], "93": [""], "94": [""], "95": [""], "96": [""], "97": [""], "98": [""], "109": [""]}, "executed_branches": [], "missing_branches": []}}}}, "totals": {"covered_lines": 135, "num_statements": 142, "percent_covered": 92.66666666666667, "percent_covered_display": "92.67", "missing_lines": 7, "excluded_lines": 6, "num_branches": 8, "num_partial_branches": 2, "covered_branches": 4, "missing_branches": 4}}